[2020-09-03 18:06:09,162 hoshino] CRITICAL: Self: 2971416585, Message 467 from 930364603@[群:1037113217]:  爬
[2020-09-03 22:45:31,240 hoshino] CRITICAL: Self: 2971416585, Message 474 from 930364603@[群:1037113217]:  爬
[2020-09-03 22:45:36,458 hoshino] CRITICAL: Self: 2971416585, Message 477 from 930364603@[群:1037113217]:  爬
[2020-09-06 12:25:35,276 hoshino] CRITICAL: Self: 2971416585, Message 59754 from 2291477079@[群:598973314]:  爬
[2020-09-07 12:49:26,336 hoshino] CRITICAL: Self: 2971416585, Message 1186600 from 1115925830@[群:362596514]:  爬
[2020-09-07 12:58:40,744 hoshino] CRITICAL: Self: 2971416585, Message 498 from 930364603@[群:1037113217]:  爬
[2020-09-12 10:11:35,266 hoshino] CRITICAL: Self: 2971416585, Message 611 from 930364603@[群:1037113217]:  爬
[2020-09-12 13:39:00,074 hoshino] CRITICAL: Self: 2971416585, Message 60231 from 2270746912@[群:598973314]:  废物
[2020-09-15 11:48:05,427 hoshino] CRITICAL: Self: 2971416585, Message 1187672 from 1115925830@[群:362596514]:  kkp
[2020-09-15 14:29:44,414 hoshino] CRITICAL: Self: 2971416585, Message 1120192 from 153945292@[群:533751478]:  憨批
[2020-09-17 17:30:49,147 hoshino] CRITICAL: Self: 2971416585, Message 698 from 930364603@[群:1037113217]:  kkp
[2020-09-17 17:31:11,361 hoshino] CRITICAL: Self: 2971416585, Message 701 from 930364603@[群:1037113217]:  kkp
[2020-09-17 18:29:13,161 hoshino] CRITICAL: Self: 2971416585, Message 721 from 930364603@[群:1037113217]:  kkp
[2020-09-17 20:03:23,754 hoshino] CRITICAL: Self: 2971416585, Message 3436 from 930364603@[群:225302147]:  爬
[2020-09-17 20:06:06,100 hoshino] CRITICAL: Self: 2971416585, Message 3439 from 930364603@[群:225302147]:  爬
[2020-09-17 20:09:47,118 hoshino] CRITICAL: Self: 2971416585, Message 742 from 930364603@[群:1037113217]:  爬
[2020-09-21 13:03:59,738 hoshino] CRITICAL: Self: 2971416585, Message 775 from 930364603@[群:1037113217]:  爬
[2020-09-22 13:00:09,122 hoshino] CRITICAL: Self: 2971416585, Message 59501 from 930364603@[群:910201663]:  爬
[2020-09-23 07:59:50,963 hoshino] CRITICAL: Self: 2971416585, Message 788 from 930364603@[群:1037113217]:  爬
[2020-09-28 14:51:23,229 hoshino] CRITICAL: Self: 2971416585, Message 1190374 from 644216965@[群:362596514]:  cnm
[2020-09-29 00:26:48,319 hoshino] CRITICAL: Self: 2971416585, Message 1190734 from 1315830967@[群:362596514]:  爬
[2020-09-29 00:28:08,316 hoshino] CRITICAL: Self: 2971416585, Message 1190747 from 1315830967@[群:362596514]:  爬
[2020-09-29 00:34:10,509 hoshino] CRITICAL: Self: 2971416585, Message 1190754 from 1315830967@[群:362596514]:  爬
[2020-09-29 11:55:49,632 hoshino] CRITICAL: Self: 2971416585, Message 68083 from 1315830967@[群:292236909]:  爬
[2020-10-01 17:48:13,303 hoshino] CRITICAL: Self: 2971416585, Message 857 from 930364603@[群:1037113217]:  爬
[2020-10-01 18:05:04,362 hoshino] CRITICAL: Self: 2971416585, Message 868 from 930364603@[群:1037113217]:  爬
[2020-10-02 17:02:26,538 hoshino] CRITICAL: Self: 2971416585, Message 68413 from 1315830967@[群:292236909]:  爬
[2020-10-06 20:07:53,919 hoshino] CRITICAL: Self: 2971416585, Message 1192199 from 1464209723@[群:362596514]:  爬
[2020-10-07 00:04:35,383 hoshino] CRITICAL: Self: 2971416585, Message 1192282 from 1315830967@[群:362596514]:  爬
[2020-10-07 19:14:22,633 hoshino] CRITICAL: Self: 2971416585, Message 895 from 930364603@[群:1037113217]:  爬
[2020-10-09 08:54:51,393 hoshino] CRITICAL: Self: 2971416585, Message 900 from 930364603@[群:1037113217]:  爬
[2020-10-09 14:27:01,399 hoshino] CRITICAL: Self: 2971416585, Message 1157094 from 2368095885@[群:533751478]:  傻逼
[2020-10-10 10:17:14,025 hoshino] CRITICAL: Self: 2971416585, Message 905 from 930364603@[群:1037113217]:  爬
[2020-10-10 12:12:18,968 hoshino] CRITICAL: Self: 2971416585, Message 912 from 930364603@[群:1037113217]:  爬
[2020-10-10 13:01:25,621 hoshino] CRITICAL: Self: 2971416585, Message 915 from 930364603@[群:1037113217]:  爬
[2020-10-12 19:27:32,198 hoshino] CRITICAL: Self: 2971416585, Message 1160490 from 2368095885@[群:533751478]:  废物
[2020-10-13 21:57:40,931 hoshino] CRITICAL: Self: 2971416585, Message 933 from 930364603@[群:1037113217]:  爬
[2020-10-13 23:33:07,031 hoshino] CRITICAL: Self: 2971416585, Message 68753 from 1315830967@[群:292236909]:  爬
[2020-10-14 14:49:11,829 hoshino] CRITICAL: Self: 2971416585, Message 951 from 930364603@[群:1037113217]:  爬
[2020-10-14 14:52:43,860 hoshino] CRITICAL: Self: 2971416585, Message 954 from 930364603@[群:1037113217]:  爬
[2020-10-14 15:22:58,451 hoshino] CRITICAL: Self: 2971416585, Message 962 from 930364603@[群:1037113217]:  爬
[2020-10-14 15:42:50,529 hoshino] CRITICAL: Self: 2971416585, Message 968 from 930364603@[群:1037113217]:  爬
[2020-10-14 15:50:11,929 hoshino] CRITICAL: Self: 2971416585, Message 976 from 930364603@[群:1037113217]:  爬
[2020-10-14 15:52:39,280 hoshino] CRITICAL: Self: 2971416585, Message 985 from 930364603@[群:1037113217]:  爬
[2020-10-14 15:59:05,053 hoshino] CRITICAL: Self: 2971416585, Message 1009 from 930364603@[群:1037113217]:  爬
[2020-10-20 16:35:49,541 hoshino] CRITICAL: Self: 2971416585, Message 21890 from 930364603@[群:892615551]:  爬
[2020-10-20 17:21:10,462 hoshino] CRITICAL: Self: 2971416585, Message 21952 from 2438319640@[群:892615551]:  爬
[2020-10-21 18:16:52,389 hoshino] CRITICAL: Self: 2971416585, Message 1248 from 930364603@[群:1037113217]:  爬
[2020-10-21 20:48:56,480 hoshino] CRITICAL: Self: 2971416585, Message 71797 from 1136970206@[群:1103620681]:  爬
[2020-10-22 19:42:34,157 hoshino] CRITICAL: Self: 2971416585, Message 73175 from 2363942294@[群:1103620681]:  爬
[2020-10-22 19:42:46,242 hoshino] CRITICAL: Self: 2971416585, Message 73178 from 1051155849@[群:1103620681]:  爬
[2020-10-24 15:18:00,576 hoshino] CRITICAL: Self: 2971416585, Message 1278 from 930364603@[群:1037113217]:  爬
[2020-10-25 15:55:30,183 hoshino] CRITICAL: Self: 2971416585, Message 1281 from 930364603@[群:1037113217]:  爬
[2020-10-25 16:02:04,304 hoshino] CRITICAL: Self: 2971416585, Message 1371 from 930364603@[群:1037113217]:  爬
[2020-10-27 23:31:48,996 hoshino] CRITICAL: Self: 2971416585, Message 1612 from 930364603@[群:1037113217]:  爬
[2020-10-30 17:28:08,322 hoshino] CRITICAL: Self: 2971416585, Message 1625 from 930364603@[群:1037113217]:  爬
[2020-11-21 00:48:10,815 hoshino] CRITICAL: Self: 2971416585, Message 1220080 from 1904930385@[群:533751478]:  傻逼
[2020-11-28 13:52:37,507 hoshino] CRITICAL: Self: 2971416585, Message 111243 from 1259730337@[群:652432876]:  爬
[2020-12-05 16:47:32,346 hoshino] CRITICAL: Self: 2971416585, Message 1243054 from 543198460@[群:533751478]:  爬
[2020-12-07 12:21:45,444 hoshino] CRITICAL: Self: 2971416585, Message 1246504 from 1904930385@[群:533751478]:  傻逼
[2020-12-07 12:23:17,577 hoshino] CRITICAL: Self: 2971416585, Message 1246524 from 1904930385@[群:533751478]:  憨批
[2020-12-09 17:57:24,812 hoshino] CRITICAL: Self: 2971416585, Message 116728 from 568718376@[群:652432876]:  爬
[2020-12-17 19:47:29,933 hoshino] CRITICAL: Self: 2971416585, Message 4255 from 930364603@[群:1047953367]:  爬
[2020-12-17 19:49:28,805 hoshino] CRITICAL: Self: 2971416585, Message 4257 from 930364603@[群:1047953367]:  爬
[2020-12-21 16:20:52,428 hoshino] CRITICAL: Self: 2971416585, Message 1290668 from 3502333171@[群:533751478]:  废物
[2020-12-21 16:23:38,293 hoshino] CRITICAL: Self: 2971416585, Message 1290678 from 543198460@[群:533751478]:  废物
[2020-12-28 19:48:54,489 hoshino] CRITICAL: Self: 2971416585, Message 1307719 from 1677083297@[群:533751478]:  kkp
[2020-12-31 01:48:21,852 hoshino] CRITICAL: Self: 2971416585, Message 1312268 from 498632847@[群:533751478]:  爪巴
[2021-01-12 19:44:21,133 hoshino] CRITICAL: Self: 2971416585, Message 1345340 from 3164541877@[群:533751478]:  崽种
[2021-02-16 09:36:13,816 hoshino] CRITICAL: Self: 2971416585, Message 1434600 from 3502333171@[群:533751478]:  爬
[2021-02-16 22:24:35,291 hoshino] CRITICAL: Self: 2971416585, Message 5255 from 930364603@[群:1047953367]:  爬
[2021-03-01 21:53:49,322 hoshino] CRITICAL: Self: 2971416585, Message 1199821 from 2904631429@[群:362596514]:  爬
[2021-04-06 10:52:19,912 hoshino] CRITICAL: Self: 2971416585, Message 1515078 from 1609877739@[群:533751478]:  傻逼
[2021-04-06 10:52:33,008 hoshino] CRITICAL: Self: 2971416585, Message 1515082 from 3164541877@[群:533751478]:  傻逼
[2021-04-06 10:54:30,000 hoshino] CRITICAL: Self: 2971416585, Message 1515089 from 153945292@[群:533751478]:  傻逼
[2021-04-10 17:49:16,286 hoshino] CRITICAL: Self: 2971416585, Message 1522120 from 2777311082@[群:533751478]:  爬
[2021-04-12 11:59:37,242 hoshino] CRITICAL: Self: 2971416585, Message 1523118 from 1609877739@[群:533751478]:  傻逼
